[debug] [2023-02-02T01:25:00.482Z] ----------------------------------------------------------------------
[debug] [2023-02-02T01:25:00.483Z] Command:       /Users/morty/.nvm/versions/node/v16.9.1/bin/node /usr/local/bin/firebase deploy --only hosting:my-task-manager
[debug] [2023-02-02T01:25:00.483Z] CLI Version:   10.2.1
[debug] [2023-02-02T01:25:00.483Z] Platform:      darwin
[debug] [2023-02-02T01:25:00.483Z] Node Version:  v16.9.1
[debug] [2023-02-02T01:25:00.484Z] Time:          Thu Feb 02 2023 02:25:00 GMT+0100 (Central European Standard Time)
[debug] [2023-02-02T01:25:00.484Z] ----------------------------------------------------------------------
[debug] 
[debug] [2023-02-02T01:25:00.531Z] > command requires scopes: ["email","openid","https://www.googleapis.com/auth/cloudplatformprojects.readonly","https://www.googleapis.com/auth/firebase","https://www.googleapis.com/auth/cloud-platform"]
[debug] [2023-02-02T01:25:00.531Z] > authorizing via signed-in user (nicodu59470@gmail.com)
[debug] [2023-02-02T01:25:00.531Z] [iam] checking project task-manager-de726 for permissions ["firebase.projects.get","firebasehosting.sites.update"]
[debug] [2023-02-02T01:25:00.533Z] >>> [apiv2][query] POST https://cloudresourcemanager.googleapis.com/v1/projects/task-manager-de726:testIamPermissions [none]
[debug] [2023-02-02T01:25:00.533Z] >>> [apiv2][body] POST https://cloudresourcemanager.googleapis.com/v1/projects/task-manager-de726:testIamPermissions {"permissions":["firebase.projects.get","firebasehosting.sites.update"]}
[debug] [2023-02-02T01:25:02.314Z] <<< [apiv2][status] POST https://cloudresourcemanager.googleapis.com/v1/projects/task-manager-de726:testIamPermissions 200
[debug] [2023-02-02T01:25:02.315Z] <<< [apiv2][body] POST https://cloudresourcemanager.googleapis.com/v1/projects/task-manager-de726:testIamPermissions {"permissions":["firebase.projects.get","firebasehosting.sites.update"]}
[debug] [2023-02-02T01:25:02.318Z] >>> [apiv2][query] GET https://firebase.googleapis.com/v1beta1/projects/task-manager-de726 [none]
[debug] [2023-02-02T01:25:02.993Z] <<< [apiv2][status] GET https://firebase.googleapis.com/v1beta1/projects/task-manager-de726 200
[debug] [2023-02-02T01:25:02.993Z] <<< [apiv2][body] GET https://firebase.googleapis.com/v1beta1/projects/task-manager-de726 {"projectId":"task-manager-de726","projectNumber":"857750967079","displayName":"task-manager","name":"projects/task-manager-de726","resources":{"hostingSite":"task-manager-de726"},"state":"ACTIVE","etag":"1_1c6c7b5b-82ba-4a5c-9735-6a568a4a1f1b"}
[info] 
[info] === Deploying to 'task-manager-de726'...
[info] 
[info] i  deploying hosting 
[debug] [2023-02-02T01:25:02.997Z] >>> [apiv2][query] GET https://firebase.googleapis.com/v1beta1/projects/task-manager-de726 [none]
[debug] [2023-02-02T01:25:03.437Z] <<< [apiv2][status] GET https://firebase.googleapis.com/v1beta1/projects/task-manager-de726 200
[debug] [2023-02-02T01:25:03.437Z] <<< [apiv2][body] GET https://firebase.googleapis.com/v1beta1/projects/task-manager-de726 {"projectId":"task-manager-de726","projectNumber":"857750967079","displayName":"task-manager","name":"projects/task-manager-de726","resources":{"hostingSite":"task-manager-de726"},"state":"ACTIVE","etag":"1_1c6c7b5b-82ba-4a5c-9735-6a568a4a1f1b"}
[debug] [2023-02-02T01:25:03.438Z] >>> [apiv2][query] POST https://firebasehosting.googleapis.com/v1beta1/projects/857750967079/sites/my-task-manager/versions [none]
[debug] [2023-02-02T01:25:03.438Z] >>> [apiv2][body] POST https://firebasehosting.googleapis.com/v1beta1/projects/857750967079/sites/my-task-manager/versions {"config":{"rewrites":[{"glob":"**","path":"/index.html"}]},"labels":{"deployment-tool":"cli-firebase"}}
[debug] [2023-02-02T01:25:04.695Z] <<< [apiv2][status] POST https://firebasehosting.googleapis.com/v1beta1/projects/857750967079/sites/my-task-manager/versions 200
[debug] [2023-02-02T01:25:04.696Z] <<< [apiv2][body] POST https://firebasehosting.googleapis.com/v1beta1/projects/857750967079/sites/my-task-manager/versions {"name":"projects/857750967079/sites/my-task-manager/versions/4ac61796157bcd02","status":"CREATED","config":{"rewrites":[{"glob":"**","path":"/index.html"}]},"labels":{"deployment-tool":"cli-firebase"}}
[info] i  hosting[my-task-manager]: beginning deploy... 
[info] i  hosting[my-task-manager]: found 25 files in build 
[debug] [2023-02-02T01:25:04.703Z] [hosting] hash cache [YnVpbGQ] stored for 25 files
[debug] [2023-02-02T01:25:04.703Z] [hosting][hash queue][FINAL] {"max":1,"min":0,"avg":0,"active":0,"complete":25,"success":25,"errored":0,"retried":0,"total":25,"elapsed":2}
[debug] [2023-02-02T01:25:04.703Z] >>> [apiv2][query] POST https://firebasehosting.googleapis.com/v1beta1/projects/857750967079/sites/my-task-manager/versions/4ac61796157bcd02:populateFiles [none]
[debug] [2023-02-02T01:25:04.703Z] >>> [apiv2][body] POST https://firebasehosting.googleapis.com/v1beta1/projects/857750967079/sites/my-task-manager/versions/4ac61796157bcd02:populateFiles {"files":{"/asset-manifest.json":"af6a13831a60ed640d71e25932da55c4b9d3058d69dcd82d2023ee0ae16dd266","/favicon.ico":"b72f7455f00e4e58792d2bca892abb068e2213838c0316d6b7a0d6d16acd1955","/index.html":"1ea29709884e27f52fddb45dd1747a1d0376677e78a8084b8a7b0a72a61552df","/logo192.png":"caff018b7f1e8fd481eb1c50d75b0ef236bcd5078b1d15c8bb348453fee30293","/logo512.png":"191fc21360b4ccfb1cda11a1efb97f489ed22672ca83f4064316802bbfdd750e","/manifest.json":"341d52628782f8ac9290bbfc43298afccb47b7cbfcee146ae30cf0f46bc30900","/robots.txt":"391d14b3c2f8c9143a27a28c7399585142228d4d1bdbe2c87ac946de411fa9a2","/static/css/main.c50b2c68.css":"dafa27b181675aff355bdf8a666919b94a41cfa7b8af87c1ac593c6132f01380","/static/css/main.c50b2c68.css.map":"6aca2786ca97703fd757deb8e44d22d45e9728b1a1ad3d82359c0c59bc4fbdd9","/static/js/787.b5dd3c18.chunk.js":"27e56bf26214c43a8c6e71fb2a755a294390334986d317531cc09999d0685539","/static/js/787.b5dd3c18.chunk.js.map":"0f0b95ed13d2afbd2535957b35d20c703d8766a245cb2af7abc231447002a6f5","/static/js/main.963b4b27.js":"9662a150661ec68970491acb520511ead83b869f1f6662ad0308f266ea5a02cb","/static/js/main.963b4b27.js.LICENSE.txt":"2e0317bf47c29fb7d0485a53b66ae8cb58c98d0cbaf239efac64dd310dfdabda","/static/js/main.963b4b27.js.map":"251420d766cc48134fa939d9f6b12f8ab3dfb8acf39e3e297a297c7ced4b5b29","/static/media/icon-add-task-mobile.2a8e26ad102dab09554faa37c9d62c19.svg":"76990d73ef7c9e6b6bdc92588126f859d2d49d8a824f46c51a4901fd4f8bcdb9","/static/media/icon-board.04f8fdcef71fa643d940ba0ad7c1d3c9.svg":"70f4df9f4d8b8b418c8c54cad1b647f3582ed8034dd726acd9787aa15eaeec9f","/static/media/icon-chevron-down.77595c15c9072ba0ef8a21ab5cc8c376.svg":"d40e1aa0399890c5e8b818c1c0604d2063939aa5ab601ddf0e6e8e791741f0b0","/static/media/icon-cross.d4ca9e0d2a82f7ea4ae08238a42f84ed.svg":"9c61f11d007c0f4df356665d3c2297ca2c492a4c5922c7ecead532cff0624352","/static/media/icon-dark-theme.b796f8e38fbe64e82c688cd647ac1cc8.svg":"cea5b39b2d432734e622ed09255946896748bff2b2b77612a82573acf6734928","/static/media/icon-hide-sidebar.0e2c68ccd652fb10d8ba0c0c7f3a2f60.svg":"648613c568669d31bc549586af9ac5cc6e036bc7c994337dede244727c5b16f3","/static/media/icon-light-theme.d782752c2ad8b84ea46889ff6ea28ccf.svg":"6e5318b49492a6b9c6f5d824691d5171edad71863052efbc048d81e817d1ec3a","/static/media/icon-show-sidebar.b186c9a8e4a2e4d7d83e0676d3e128fc.svg":"acdc6a36de438c51ed4c4dbae35d71b00c2ff8ed90a4035723142e5d759ff8e3","/static/media/icon-vertical-ellipsis.5c8996197d4a9dd7a7adfa20ce4abef9.svg":"9014fc8a7c6886901f2cb7f679ab2eaa883ebbbac594258a7add338c73b4e64e","/static/media/logo-mobile.e60c2fbc3dcefa4256e0569ffba5e523.svg":"e863069179047d8125e11033089efe6df244546bf59b8c5c058d02c83ff851e2","/static/media/logo.21f7434f6a0b9a0a9c435fadb43f7fdc.svg":"baf0d469b931f7053dd6cb6fc370f8a211a7b9c298ee68bcb598ff19500422ba"}}
